TN:
SF:src/modules/appointments/services/CreateAppointmentService.ts
FN:13,(anonymous_17)
FN:14,CreateAppointmentService
FN:19,(anonymous_19)
FNF:3
FNH:3
FNDA:1,(anonymous_17)
FNDA:2,CreateAppointmentService
FNDA:3,(anonymous_19)
DA:1,1
DA:2,1
DA:3,1
DA:13,1
DA:16,2
DA:19,3
DA:20,3
DA:22,3
DA:26,3
DA:27,1
DA:30,2
DA:35,2
DA:37,1
DA:39,1
LF:14
LH:14
BRDA:26,0,0,1
BRDA:26,0,1,2
BRF:2
BRH:2
end_of_record
TN:
SF:src/modules/users/services/AuthenticateUserService.ts
FN:20,(anonymous_17)
FN:21,AuthenticateUserService
FN:32,(anonymous_19)
FNF:3
FNH:3
FNDA:1,(anonymous_17)
FNDA:2,AuthenticateUserService
FNDA:2,(anonymous_19)
DA:1,1
DA:2,1
DA:3,1
DA:20,1
DA:23,2
DA:26,2
DA:29,2
DA:32,2
DA:33,2
DA:35,2
DA:36,1
DA:39,1
DA:44,1
DA:45,0
DA:48,1
DA:50,1
DA:55,1
DA:60,1
DA:62,1
LF:19
LH:18
BRDA:33,0,0,2
BRDA:35,1,0,1
BRDA:35,1,1,1
BRDA:44,2,0,0
BRDA:44,2,1,1
BRF:5
BRH:4
end_of_record
TN:
SF:src/modules/users/services/CreateUserService.ts
FN:14,(anonymous_17)
FN:15,CreateUserService
FN:23,(anonymous_19)
FNF:3
FNH:3
FNDA:1,(anonymous_17)
FNDA:2,CreateUserService
FNDA:3,(anonymous_19)
DA:1,1
DA:2,1
DA:14,1
DA:17,2
DA:20,2
DA:23,3
DA:24,3
DA:26,3
DA:27,1
DA:30,2
DA:32,2
DA:38,2
DA:40,1
DA:42,1
LF:14
LH:14
BRDA:24,0,0,3
BRDA:26,1,0,1
BRDA:26,1,1,2
BRF:3
BRH:3
end_of_record
TN:
SF:src/modules/users/services/ResetPasswordService.ts
FN:14,(anonymous_17)
FN:15,ResetPasswordService
FN:26,(anonymous_19)
FNF:3
FNH:3
FNDA:1,(anonymous_17)
FNDA:4,ResetPasswordService
FNDA:4,(anonymous_19)
DA:1,1
DA:2,1
DA:3,1
DA:14,1
DA:17,4
DA:20,4
DA:23,4
DA:26,4
DA:27,4
DA:29,4
DA:30,1
DA:33,3
DA:35,3
DA:36,1
DA:39,2
DA:41,2
DA:42,1
DA:45,1
DA:47,2
DA:49,1
DA:51,1
LF:21
LH:21
BRDA:27,0,0,4
BRDA:29,1,0,1
BRDA:29,1,1,3
BRDA:35,2,0,1
BRDA:35,2,1,2
BRDA:41,3,0,1
BRDA:41,3,1,1
BRF:7
BRH:7
end_of_record
TN:
SF:src/modules/users/services/SendForgotPasswordEmailService.ts
FN:13,(anonymous_18)
FN:14,SendForgotPasswordEmailService
FN:25,(anonymous_20)
FNF:3
FNH:3
FNDA:1,(anonymous_18)
FNDA:3,SendForgotPasswordEmailService
FNDA:3,(anonymous_20)
DA:2,1
DA:3,1
DA:4,1
DA:13,1
DA:16,3
DA:19,3
DA:22,3
DA:25,3
DA:26,3
DA:28,3
DA:29,1
DA:32,2
DA:34,2
DA:41,4
DA:56,1
DA:58,1
LF:16
LH:16
BRDA:26,0,0,3
BRDA:28,1,0,1
BRDA:28,1,1,2
BRF:3
BRH:3
end_of_record
TN:
SF:src/modules/users/services/UpdateUserAvatarService.ts
FN:13,(anonymous_17)
FN:14,UpdateUserAvatarService
FN:22,(anonymous_19)
FNF:3
FNH:3
FNDA:1,(anonymous_17)
FNDA:3,UpdateUserAvatarService
FNDA:4,(anonymous_19)
DA:1,1
DA:2,1
DA:13,1
DA:16,3
DA:19,3
DA:22,4
DA:23,4
DA:25,4
DA:26,1
DA:32,5
DA:33,2
DA:36,3
DA:38,3
DA:40,6
DA:42,3
DA:44,1
DA:46,1
LF:17
LH:17
BRDA:23,0,0,4
BRDA:23,0,1,3
BRDA:25,1,0,1
BRDA:25,1,1,3
BRDA:32,2,0,2
BRDA:32,2,1,1
BRF:6
BRH:6
end_of_record
